
INFO 2020-04-26 04:29:51,219  --  admin2 посетил главную страницу
INFO 2020-04-26 04:29:53,428  --  admin2 посетил страницу сортов продукта: Гречка
INFO 2020-04-26 04:29:58,834  --  admin2 посетил страницу сортов продукта: Гречка
INFO 2020-04-26 04:29:58,843  --  admin2 добавил в список: Смоленская крупа, вес: 1331.0
INFO 2020-04-26 04:29:58,893  --  admin2 посетил главную страницу
INFO 2020-04-26 04:34:50,997  --  admin2 посетил главную страницу
INFO 2020-04-26 04:34:59,428  --  admin2 внёс изменения в список. Изменил: Сорт: Смоленская крупа -> Продел, сечка, Вес: 10000.0 -> 10012.0
INFO 2020-04-26 04:34:59,479  --  admin2 посетил главную страницу
INFO 2020-04-26 04:41:04,123  --  admin2 посетил главную страницу
INFO 2020-04-26 04:41:06,466  --  admin2 вышёл
INFO 2020-04-26 04:41:06,475  --  Анонимный пользователь посетил главную страницу
INFO 2020-04-26 04:41:23,165  --  admin2 вошёл
INFO 2020-04-26 04:41:53,357  --  admin2 посетил главную страницу
INFO 2020-04-26 04:42:16,517  --  dedwcwc зарегистрировался, пароль: PEKNAvu.u2gk@Un
INFO 2020-04-26 04:42:16,571  --  dedwcwc посетил главную страницу
INFO 2020-04-26 04:42:20,859  --  dedwcwc посетил главную страницу
INFO 2020-04-26 04:42:21,368  --  dedwcwc посетил страницу об авторе
INFO 2020-04-26 04:42:22,695  --  dedwcwc посетил страницу контактов
INFO 2020-04-26 04:42:23,547  --  dedwcwc подтвердил e-mail
INFO 2020-04-26 04:42:24,652  --  dedwcwc посетил страницу контактов
INFO 2020-04-26 04:42:25,570  --  dedwcwc посетил страницу об авторе
INFO 2020-04-26 04:42:27,162  --  dedwcwc посетил главную страницу
INFO 2020-04-26 04:42:33,273  --  dedwcwc удалил из списка: Продел, сечка
INFO 2020-04-26 04:42:33,577  --  dedwcwc посетил главную страницу
INFO 2020-04-26 04:42:35,735  --  dedwcwc посетил страницу сортов продукта: Курица
INFO 2020-04-26 04:42:41,678  --  dedwcwc посетил страницу сортов продукта: Курица
INFO 2020-04-26 04:42:41,688  --  dedwcwc добавил в список: Куриное бедро, вес: 13113.0
INFO 2020-04-26 04:42:41,838  --  dedwcwc посетил главную страницу
INFO 2020-04-26 04:42:48,045  --  dedwcwc получил результат рассчётов: 3
INFO 2020-04-26 04:42:53,148  --  dedwcwc посетил главную страницу
INFO 2020-04-26 04:44:23,496  --  dedwcwc посетил главную страницу
INFO 2020-04-26 17:34:08,505  --  admin2 посетил главную страницу
INFO 2020-04-26 17:34:11,614  --  admin2 вышёл
INFO 2020-04-26 17:34:11,625  --  Анонимный пользователь посетил главную страницу
INFO 2020-04-26 17:34:34,705  --  Анонимный пользователь посетил главную страницу
INFO 2020-04-26 17:34:38,107  --  Анонимный пользователь посетил страницу контактов
INFO 2020-04-26 17:34:38,856  --  Анонимный пользователь посетил страницу об авторе
INFO 2020-04-26 17:34:39,465  --  Анонимный пользователь посетил главную страницу
INFO 2020-04-26 17:34:39,989  --  Анонимный пользователь посетил главную страницу
INFO 2020-04-27 02:14:35,396  --  Анонимный пользователь посетил главную страницу
INFO 2020-04-27 02:21:01,244  --  admin2 посетил главную страницу
INFO 2020-04-27 02:21:52,362  --  admin2 посетил главную страницу
INFO 2020-04-27 02:22:52,301  --  admin2 посетил главную страницу
INFO 2020-04-27 02:25:30,996  --  admin2 посетил главную страницу
INFO 2020-04-27 02:25:52,898  --  admin2 подтвердил e-mail
INFO 2020-04-27 02:25:55,310  --  admin2 посетил главную страницу
INFO 2020-04-27 02:26:39,662  --  admin2 посетил главную страницу
INFO 2020-04-27 02:28:01,749  --  admin2 посетил главную страницу
INFO 2020-04-27 02:28:02,737  --  admin2 вышёл
INFO 2020-04-27 02:28:02,746  --  Анонимный пользователь посетил главную страницу
INFO 2020-04-27 02:28:11,487  --  admin2 вошёл
INFO 2020-04-29 22:37:59,373  --  admin2 посетил главную страницу
INFO 2020-04-29 22:44:54,201  --  admin2 посетил главную страницу
INFO 2020-04-29 22:46:17,103  --  admin2 посетил главную страницу
INFO 2020-04-29 22:50:03,968  --  admin2 посетил главную страницу
INFO 2020-04-29 22:56:28,317  --  admin2 посетил главную страницу
INFO 2020-04-29 22:57:28,286  --  admin2 подтвердил e-mail
INFO 2020-04-29 23:05:09,139  --  admin2 посетил главную страницу
INFO 2020-04-29 23:10:17,737  --  admin2 посетил главную страницу
INFO 2020-04-29 23:11:38,676  --  admin2 посетил главную страницу
INFO 2020-04-29 23:14:16,042  --  admin2 посетил главную страницу
INFO 2020-04-29 23:25:12,073  --  admin2 посетил главную страницу
INFO 2020-04-29 23:29:04,046  --  Анонимный пользователь посетил главную страницу
INFO 2020-04-29 23:29:04,261  --  Анонимный пользователь получил результат рассчётов: 20
INFO 2020-04-29 23:29:04,283  --  Анонимный пользователь получил результат рассчётов: 13
INFO 2020-04-29 23:29:04,298  --  Анонимный пользователь получил результат рассчётов: 33
INFO 2020-04-29 23:30:55,553  --  admin2 посетил главную страницу
